{
  "RSpec": {
    "coverage": {
      "/Users/zach/dev/ferret/config/environment.rb": [
        null,
        1,
        null,
        null,
        1
      ],
      "/Users/zach/dev/ferret/config/application.rb": [
        1,
        null,
        1,
        null,
        null,
        null,
        1,
        null,
        1,
        1,
        null,
        null,
        null,
        null,
        null,
        null,
        null,
        null,
        null,
        null,
        null,
        null,
        null
      ],
      "/Users/zach/dev/ferret/config/boot.rb": [
        null,
        1,
        null,
        1
      ],
      "/Users/zach/dev/ferret/config/environments/test.rb": [
        1,
        null,
        null,
        null,
        null,
        null,
        null,
        1,
        null,
        null,
        null,
        null,
        1,
        null,
        null,
        1,
        1,
        null,
        null,
        1,
        1,
        null,
        null,
        1,
        null,
        null,
        1,
        null,
        null,
        null,
        null,
        1,
        null,
        null,
        1,
        null
      ],
      "/Users/zach/dev/ferret/config/initializers/backtrace_silencers.rb": [
        null,
        null,
        null,
        null,
        null,
        null,
        null
      ],
      "/Users/zach/dev/ferret/config/initializers/filter_parameter_logging.rb": [
        null,
        null,
        null,
        1
      ],
      "/Users/zach/dev/ferret/config/initializers/inflections.rb": [
        null,
        null,
        null,
        null,
        null,
        null,
        null,
        null,
        null,
        null,
        null,
        null,
        null,
        null,
        null,
        null
      ],
      "/Users/zach/dev/ferret/config/initializers/mime_types.rb": [
        null,
        null,
        null,
        null,
        null
      ],
      "/Users/zach/dev/ferret/config/initializers/secret_token.rb": [
        null,
        null,
        null,
        null,
        null,
        null,
        null,
        null,
        null,
        null,
        null,
        1
      ],
      "/Users/zach/dev/ferret/config/initializers/session_store.rb": [
        null,
        null,
        1
      ],
      "/Users/zach/dev/ferret/config/initializers/wrap_parameters.rb": [
        null,
        null,
        null,
        null,
        null,
        null,
        1,
        1,
        null,
        null,
        null,
        null,
        null,
        null
      ],
      "/Users/zach/dev/ferret/config/routes.rb": [
        1,
        null,
        1,
        null,
        1,
        null
      ],
      "/Users/zach/dev/ferret/app/helpers/application_helper.rb": [
        1,
        null,
        null,
        1,
        3,
        3,
        1,
        null,
        2,
        null,
        null,
        null
      ],
      "/Users/zach/dev/ferret/app/helpers/static_pages_helper.rb": [
        1,
        null
      ],
      "/Users/zach/dev/ferret/spec/support/utilities.rb": [
        1
      ]
    },
    "timestamp": 1371380498
  },
  "Cucumber Features": {
    "coverage": {
      "/Users/zach/dev/ferret/config/environment.rb": [
        null,
        1,
        null,
        null,
        1
      ],
      "/Users/zach/dev/ferret/config/application.rb": [
        1,
        null,
        1,
        null,
        null,
        null,
        1,
        null,
        1,
        1,
        null,
        null,
        null,
        null,
        null,
        null,
        null,
        null,
        null,
        null,
        null,
        null,
        null
      ],
      "/Users/zach/dev/ferret/config/boot.rb": [
        null,
        1,
        null,
        1
      ],
      "/Users/zach/dev/ferret/config/environments/test.rb": [
        1,
        null,
        null,
        null,
        null,
        null,
        null,
        1,
        null,
        null,
        null,
        null,
        1,
        null,
        null,
        1,
        1,
        null,
        null,
        1,
        1,
        null,
        null,
        1,
        null,
        null,
        1,
        null,
        null,
        null,
        null,
        1,
        null,
        null,
        1,
        null
      ],
      "/Users/zach/dev/ferret/config/initializers/backtrace_silencers.rb": [
        null,
        null,
        null,
        null,
        null,
        null,
        null
      ],
      "/Users/zach/dev/ferret/config/initializers/filter_parameter_logging.rb": [
        null,
        null,
        null,
        1
      ],
      "/Users/zach/dev/ferret/config/initializers/inflections.rb": [
        null,
        null,
        null,
        null,
        null,
        null,
        null,
        null,
        null,
        null,
        null,
        null,
        null,
        null,
        null,
        null
      ],
      "/Users/zach/dev/ferret/config/initializers/mime_types.rb": [
        null,
        null,
        null,
        null,
        null
      ],
      "/Users/zach/dev/ferret/config/initializers/secret_token.rb": [
        null,
        null,
        null,
        null,
        null,
        null,
        null,
        null,
        null,
        null,
        null,
        1
      ],
      "/Users/zach/dev/ferret/config/initializers/session_store.rb": [
        null,
        null,
        1
      ],
      "/Users/zach/dev/ferret/config/initializers/wrap_parameters.rb": [
        null,
        null,
        null,
        null,
        null,
        null,
        1,
        1,
        null,
        null,
        null,
        null,
        null,
        null
      ],
      "/Users/zach/dev/ferret/config/routes.rb": [
        1,
        null,
        1,
        null,
        1,
        null
      ],
      "/Users/zach/dev/ferret/app/helpers/application_helper.rb": [
        1,
        null,
        null,
        1,
        11,
        11,
        6,
        null,
        5,
        null,
        null,
        null
      ],
      "/Users/zach/dev/ferret/app/helpers/static_pages_helper.rb": [
        1,
        null
      ],
      "/Users/zach/dev/ferret/spec/support/utilities.rb": [
        1
      ],
      "/Users/zach/dev/ferret/app/controllers/static_pages_controller.rb": [
        1,
        1,
        null,
        null,
        1,
        null,
        null
      ],
      "/Users/zach/dev/ferret/app/controllers/application_controller.rb": [
        1,
        null,
        null,
        1,
        null
      ]
    },
    "timestamp": 1371381129
  }
}
